INFO: [VRFC 10-2263] Analyzing Verilog file "E:/PS2_keyboard/PS2_keyboard.sim/sim_1/impl/timing/xsim/top_time_impl.v" into library xil_defaultlib
INFO: [VRFC 10-311] analyzing module bram
INFO: [VRFC 10-311] analyzing module bram_blk_mem_gen_0_0
INFO: [VRFC 10-311] analyzing module clock_gen_480p
INFO: [VRFC 10-311] analyzing module display_timings
INFO: [VRFC 10-311] analyzing module draw_module
INFO: [VRFC 10-311] analyzing module ps2_receiver
INFO: [VRFC 10-311] analyzing module top
INFO: [VRFC 10-311] analyzing module bram_blk_mem_gen_0_0_blk_mem_gen_generic_cstr
INFO: [VRFC 10-311] analyzing module bram_blk_mem_gen_0_0_blk_mem_gen_prim_width
INFO: [VRFC 10-311] analyzing module bram_blk_mem_gen_0_0_blk_mem_gen_prim_width__parameterized0
INFO: [VRFC 10-311] analyzing module bram_blk_mem_gen_0_0_blk_mem_gen_prim_width__parameterized1
INFO: [VRFC 10-311] analyzing module bram_blk_mem_gen_0_0_blk_mem_gen_prim_width__parameterized10
INFO: [VRFC 10-311] analyzing module bram_blk_mem_gen_0_0_blk_mem_gen_prim_width__parameterized11
INFO: [VRFC 10-311] analyzing module bram_blk_mem_gen_0_0_blk_mem_gen_prim_width__parameterized12
INFO: [VRFC 10-311] analyzing module bram_blk_mem_gen_0_0_blk_mem_gen_prim_width__parameterized13
INFO: [VRFC 10-311] analyzing module bram_blk_mem_gen_0_0_blk_mem_gen_prim_width__parameterized14
INFO: [VRFC 10-311] analyzing module bram_blk_mem_gen_0_0_blk_mem_gen_prim_width__parameterized15
INFO: [VRFC 10-311] analyzing module bram_blk_mem_gen_0_0_blk_mem_gen_prim_width__parameterized16
INFO: [VRFC 10-311] analyzing module bram_blk_mem_gen_0_0_blk_mem_gen_prim_width__parameterized17
INFO: [VRFC 10-311] analyzing module bram_blk_mem_gen_0_0_blk_mem_gen_prim_width__parameterized18
INFO: [VRFC 10-311] analyzing module bram_blk_mem_gen_0_0_blk_mem_gen_prim_width__parameterized19
INFO: [VRFC 10-311] analyzing module bram_blk_mem_gen_0_0_blk_mem_gen_prim_width__parameterized2
INFO: [VRFC 10-311] analyzing module bram_blk_mem_gen_0_0_blk_mem_gen_prim_width__parameterized20
INFO: [VRFC 10-311] analyzing module bram_blk_mem_gen_0_0_blk_mem_gen_prim_width__parameterized21
INFO: [VRFC 10-311] analyzing module bram_blk_mem_gen_0_0_blk_mem_gen_prim_width__parameterized22
INFO: [VRFC 10-311] analyzing module bram_blk_mem_gen_0_0_blk_mem_gen_prim_width__parameterized23
INFO: [VRFC 10-311] analyzing module bram_blk_mem_gen_0_0_blk_mem_gen_prim_width__parameterized24
INFO: [VRFC 10-311] analyzing module bram_blk_mem_gen_0_0_blk_mem_gen_prim_width__parameterized25
INFO: [VRFC 10-311] analyzing module bram_blk_mem_gen_0_0_blk_mem_gen_prim_width__parameterized26
INFO: [VRFC 10-311] analyzing module bram_blk_mem_gen_0_0_blk_mem_gen_prim_width__parameterized27
INFO: [VRFC 10-311] analyzing module bram_blk_mem_gen_0_0_blk_mem_gen_prim_width__parameterized3
INFO: [VRFC 10-311] analyzing module bram_blk_mem_gen_0_0_blk_mem_gen_prim_width__parameterized4
INFO: [VRFC 10-311] analyzing module bram_blk_mem_gen_0_0_blk_mem_gen_prim_width__parameterized5
INFO: [VRFC 10-311] analyzing module bram_blk_mem_gen_0_0_blk_mem_gen_prim_width__parameterized6
INFO: [VRFC 10-311] analyzing module bram_blk_mem_gen_0_0_blk_mem_gen_prim_width__parameterized7
INFO: [VRFC 10-311] analyzing module bram_blk_mem_gen_0_0_blk_mem_gen_prim_width__parameterized8
INFO: [VRFC 10-311] analyzing module bram_blk_mem_gen_0_0_blk_mem_gen_prim_width__parameterized9
INFO: [VRFC 10-311] analyzing module bram_blk_mem_gen_0_0_blk_mem_gen_prim_wrapper_init
INFO: [VRFC 10-311] analyzing module bram_blk_mem_gen_0_0_blk_mem_gen_prim_wrapper_init__parameterized0
INFO: [VRFC 10-311] analyzing module bram_blk_mem_gen_0_0_blk_mem_gen_prim_wrapper_init__parameterized1
INFO: [VRFC 10-311] analyzing module bram_blk_mem_gen_0_0_blk_mem_gen_prim_wrapper_init__parameterized10
INFO: [VRFC 10-311] analyzing module bram_blk_mem_gen_0_0_blk_mem_gen_prim_wrapper_init__parameterized11
INFO: [VRFC 10-311] analyzing module bram_blk_mem_gen_0_0_blk_mem_gen_prim_wrapper_init__parameterized12
INFO: [VRFC 10-311] analyzing module bram_blk_mem_gen_0_0_blk_mem_gen_prim_wrapper_init__parameterized13
INFO: [VRFC 10-311] analyzing module bram_blk_mem_gen_0_0_blk_mem_gen_prim_wrapper_init__parameterized14
INFO: [VRFC 10-311] analyzing module bram_blk_mem_gen_0_0_blk_mem_gen_prim_wrapper_init__parameterized15
INFO: [VRFC 10-311] analyzing module bram_blk_mem_gen_0_0_blk_mem_gen_prim_wrapper_init__parameterized16
INFO: [VRFC 10-311] analyzing module bram_blk_mem_gen_0_0_blk_mem_gen_prim_wrapper_init__parameterized17
INFO: [VRFC 10-311] analyzing module bram_blk_mem_gen_0_0_blk_mem_gen_prim_wrapper_init__parameterized18
INFO: [VRFC 10-311] analyzing module bram_blk_mem_gen_0_0_blk_mem_gen_prim_wrapper_init__parameterized19
INFO: [VRFC 10-311] analyzing module bram_blk_mem_gen_0_0_blk_mem_gen_prim_wrapper_init__parameterized2
INFO: [VRFC 10-311] analyzing module bram_blk_mem_gen_0_0_blk_mem_gen_prim_wrapper_init__parameterized20
INFO: [VRFC 10-311] analyzing module bram_blk_mem_gen_0_0_blk_mem_gen_prim_wrapper_init__parameterized21
INFO: [VRFC 10-311] analyzing module bram_blk_mem_gen_0_0_blk_mem_gen_prim_wrapper_init__parameterized22
INFO: [VRFC 10-311] analyzing module bram_blk_mem_gen_0_0_blk_mem_gen_prim_wrapper_init__parameterized23
INFO: [VRFC 10-311] analyzing module bram_blk_mem_gen_0_0_blk_mem_gen_prim_wrapper_init__parameterized24
INFO: [VRFC 10-311] analyzing module bram_blk_mem_gen_0_0_blk_mem_gen_prim_wrapper_init__parameterized25
INFO: [VRFC 10-311] analyzing module bram_blk_mem_gen_0_0_blk_mem_gen_prim_wrapper_init__parameterized26
INFO: [VRFC 10-311] analyzing module bram_blk_mem_gen_0_0_blk_mem_gen_prim_wrapper_init__parameterized27
INFO: [VRFC 10-311] analyzing module bram_blk_mem_gen_0_0_blk_mem_gen_prim_wrapper_init__parameterized3
INFO: [VRFC 10-311] analyzing module bram_blk_mem_gen_0_0_blk_mem_gen_prim_wrapper_init__parameterized4
INFO: [VRFC 10-311] analyzing module bram_blk_mem_gen_0_0_blk_mem_gen_prim_wrapper_init__parameterized5
INFO: [VRFC 10-311] analyzing module bram_blk_mem_gen_0_0_blk_mem_gen_prim_wrapper_init__parameterized6
INFO: [VRFC 10-311] analyzing module bram_blk_mem_gen_0_0_blk_mem_gen_prim_wrapper_init__parameterized7
INFO: [VRFC 10-311] analyzing module bram_blk_mem_gen_0_0_blk_mem_gen_prim_wrapper_init__parameterized8
INFO: [VRFC 10-311] analyzing module bram_blk_mem_gen_0_0_blk_mem_gen_prim_wrapper_init__parameterized9
INFO: [VRFC 10-311] analyzing module bram_blk_mem_gen_0_0_blk_mem_gen_top
INFO: [VRFC 10-311] analyzing module bram_blk_mem_gen_0_0_blk_mem_gen_v8_4_4
INFO: [VRFC 10-311] analyzing module bram_blk_mem_gen_0_0_blk_mem_gen_v8_4_4_synth
INFO: [VRFC 10-311] analyzing module glbl
